# JRE version: Java(TM) SE Runtime Environment (8.0_181-b13) (build 1.8.0_181-b13)
# Java VM: Java HotSpot(TM) 64-Bit Server VM (25.181-b13 mixed mode windows-amd64 compressed oops)
Heap:
 PSYoungGen      total 102912K, used 76776K [0x00000000d9980000, 0x00000000e0a00000, 0x0000000100000000)
  eden space 94208K, 72% used [0x00000000d9980000,0x00000000ddbffbc0,0x00000000df580000)
  from space 8704K, 99% used [0x00000000dff80000,0x00000000e07fa6f0,0x00000000e0800000)
  to   space 10240K, 0% used [0x00000000df580000,0x00000000df580000,0x00000000dff80000)
 ParOldGen       total 53248K, used 7341K [0x000000008cc00000, 0x0000000090000000, 0x00000000d9980000)
  object space 53248K, 13% used [0x000000008cc00000,0x000000008d32b470,0x0000000090000000)
 Metaspace       used 27494K, capacity 28706K, committed 28928K, reserved 1075200K
  class space    used 3794K, capacity 4068K, committed 4096K, reserved 1048576K
GC Heap History (10 events):
Event: 3.259 GC heap before
{Heap before GC invocations=3 (full 0):
 PSYoungGen      total 34816K, used 34797K [0x00000000d9980000, 0x00000000ddd80000, 0x0000000100000000)
  eden space 30208K, 100% used [0x00000000d9980000,0x00000000db700000,0x00000000db700000)
  from space 4608K, 99% used [0x00000000dbb80000,0x00000000dbffb520,0x00000000dc000000)
  to   space 4608K, 0% used [0x00000000db700000,0x00000000db700000,0x00000000dbb80000)
 ParOldGen       total 79360K, used 1745K [0x000000008cc00000, 0x0000000091980000, 0x00000000d9980000)
  object space 79360K, 2% used [0x000000008cc00000,0x000000008cdb4730,0x0000000091980000)
 Metaspace       used 17962K, capacity 18472K, committed 18816K, reserved 1064960K
  class space    used 2401K, capacity 2571K, committed 2688K, reserved 1048576K
Event: 3.275 GC heap after
Heap after GC invocations=3 (full 0):
 PSYoungGen      total 34816K, used 4592K [0x00000000d9980000, 0x00000000ddd80000, 0x0000000100000000)
  eden space 30208K, 0% used [0x00000000d9980000,0x00000000d9980000,0x00000000db700000)
  from space 4608K, 99% used [0x00000000db700000,0x00000000dbb7c030,0x00000000dbb80000)
  to   space 4608K, 0% used [0x00000000dd900000,0x00000000dd900000,0x00000000ddd80000)
 ParOldGen       total 79360K, used 4335K [0x000000008cc00000, 0x0000000091980000, 0x00000000d9980000)
  object space 79360K, 5% used [0x000000008cc00000,0x000000008d03bd30,0x0000000091980000)
 Metaspace       used 17962K, capacity 18472K, committed 18816K, reserved 1064960K
  class space    used 2401K, capacity 2571K, committed 2688K, reserved 1048576K
}
Event: 3.640 GC heap before
{Heap before GC invocations=4 (full 0):
 PSYoungGen      total 34816K, used 31866K [0x00000000d9980000, 0x00000000ddd80000, 0x0000000100000000)
  eden space 30208K, 90% used [0x00000000d9980000,0x00000000db422920,0x00000000db700000)
  from space 4608K, 99% used [0x00000000db700000,0x00000000dbb7c030,0x00000000dbb80000)
  to   space 4608K, 0% used [0x00000000dd900000,0x00000000dd900000,0x00000000ddd80000)
 ParOldGen       total 79360K, used 4335K [0x000000008cc00000, 0x0000000091980000, 0x00000000d9980000)
  object space 79360K, 5% used [0x000000008cc00000,0x000000008d03bd30,0x0000000091980000)
 Metaspace       used 20681K, capacity 21204K, committed 21296K, reserved 1067008K
  class space    used 2751K, capacity 2901K, committed 2944K, reserved 1048576K
Event: 3.660 GC heap after
Heap after GC invocations=4 (full 0):
 PSYoungGen      total 65024K, used 4576K [0x00000000d9980000, 0x00000000ddd80000, 0x0000000100000000)
  eden space 60416K, 0% used [0x00000000d9980000,0x00000000d9980000,0x00000000dd480000)
  from space 4608K, 99% used [0x00000000dd900000,0x00000000ddd78020,0x00000000ddd80000)
  to   space 4608K, 0% used [0x00000000dd480000,0x00000000dd480000,0x00000000dd900000)
 ParOldGen       total 79360K, used 7124K [0x000000008cc00000, 0x0000000091980000, 0x00000000d9980000)
  object space 79360K, 8% used [0x000000008cc00000,0x000000008d2f50d0,0x0000000091980000)
 Metaspace       used 20681K, capacity 21204K, committed 21296K, reserved 1067008K
  class space    used 2751K, capacity 2901K, committed 2944K, reserved 1048576K
}
Event: 3.660 GC heap before
{Heap before GC invocations=5 (full 1):
 PSYoungGen      total 65024K, used 4576K [0x00000000d9980000, 0x00000000ddd80000, 0x0000000100000000)
  eden space 60416K, 0% used [0x00000000d9980000,0x00000000d9980000,0x00000000dd480000)
  from space 4608K, 99% used [0x00000000dd900000,0x00000000ddd78020,0x00000000ddd80000)
  to   space 4608K, 0% used [0x00000000dd480000,0x00000000dd480000,0x00000000dd900000)
 ParOldGen       total 79360K, used 7124K [0x000000008cc00000, 0x0000000091980000, 0x00000000d9980000)
  object space 79360K, 8% used [0x000000008cc00000,0x000000008d2f50d0,0x0000000091980000)
 Metaspace       used 20681K, capacity 21204K, committed 21296K, reserved 1067008K
  class space    used 2751K, capacity 2901K, committed 2944K, reserved 1048576K
Event: 3.733 GC heap after
Heap after GC invocations=5 (full 1):
 PSYoungGen      total 65024K, used 0K [0x00000000d9980000, 0x00000000ddd80000, 0x0000000100000000)
  eden space 60416K, 0% used [0x00000000d9980000,0x00000000d9980000,0x00000000dd480000)
  from space 4608K, 0% used [0x00000000dd900000,0x00000000dd900000,0x00000000ddd80000)
  to   space 4608K, 0% used [0x00000000dd480000,0x00000000dd480000,0x00000000dd900000)
 ParOldGen       total 53248K, used 7261K [0x000000008cc00000, 0x0000000090000000, 0x00000000d9980000)
  object space 53248K, 13% used [0x000000008cc00000,0x000000008d317460,0x0000000090000000)
 Metaspace       used 20681K, capacity 21204K, committed 21296K, reserved 1067008K
  class space    used 2751K, capacity 2901K, committed 2944K, reserved 1048576K
}
Event: 4.328 GC heap before
{Heap before GC invocations=6 (full 1):
 PSYoungGen      total 65024K, used 60416K [0x00000000d9980000, 0x00000000ddd80000, 0x0000000100000000)
  eden space 60416K, 100% used [0x00000000d9980000,0x00000000dd480000,0x00000000dd480000)
  from space 4608K, 0% used [0x00000000dd900000,0x00000000dd900000,0x00000000ddd80000)
  to   space 4608K, 0% used [0x00000000dd480000,0x00000000dd480000,0x00000000dd900000)
 ParOldGen       total 53248K, used 7261K [0x000000008cc00000, 0x0000000090000000, 0x00000000d9980000)
  object space 53248K, 13% used [0x000000008cc00000,0x000000008d317460,0x0000000090000000)
 Metaspace       used 21402K, capacity 22096K, committed 22272K, reserved 1069056K
  class space    used 2865K, capacity 3033K, committed 3072K, reserved 1048576K
Event: 4.340 GC heap after
Heap after GC invocations=6 (full 1):
 PSYoungGen      total 65024K, used 3779K [0x00000000d9980000, 0x00000000e0800000, 0x0000000100000000)
  eden space 60416K, 0% used [0x00000000d9980000,0x00000000d9980000,0x00000000dd480000)
  from space 4608K, 82% used [0x00000000dd480000,0x00000000dd830f18,0x00000000dd900000)
  to   space 8704K, 0% used [0x00000000dff80000,0x00000000dff80000,0x00000000e0800000)
 ParOldGen       total 53248K, used 7333K [0x000000008cc00000, 0x0000000090000000, 0x00000000d9980000)
  object space 53248K, 13% used [0x000000008cc00000,0x000000008d329470,0x0000000090000000)
 Metaspace       used 21402K, capacity 22096K, committed 22272K, reserved 1069056K
  class space    used 2865K, capacity 3033K, committed 3072K, reserved 1048576K
}
Event: 5.491 GC heap before
{Heap before GC invocations=7 (full 1):
 PSYoungGen      total 65024K, used 64195K [0x00000000d9980000, 0x00000000e0800000, 0x0000000100000000)
  eden space 60416K, 100% used [0x00000000d9980000,0x00000000dd480000,0x00000000dd480000)
  from space 4608K, 82% used [0x00000000dd480000,0x00000000dd830f18,0x00000000dd900000)
  to   space 8704K, 0% used [0x00000000dff80000,0x00000000dff80000,0x00000000e0800000)
 ParOldGen       total 53248K, used 7333K [0x000000008cc00000, 0x0000000090000000, 0x00000000d9980000)
  object space 53248K, 13% used [0x000000008cc00000,0x000000008d329470,0x0000000090000000)
 Metaspace       used 24869K, capacity 25710K, committed 25984K, reserved 1071104K
  class space    used 3401K, capacity 3630K, committed 3712K, reserved 1048576K
Event: 5.515 GC heap after
Heap after GC invocations=7 (full 1):
 PSYoungGen      total 102912K, used 8681K [0x00000000d9980000, 0x00000000e0a00000, 0x0000000100000000)
  eden space 94208K, 0% used [0x00000000d9980000,0x00000000d9980000,0x00000000df580000)
  from space 8704K, 99% used [0x00000000dff80000,0x00000000e07fa6f0,0x00000000e0800000)
  to   space 10240K, 0% used [0x00000000df580000,0x00000000df580000,0x00000000dff80000)
 ParOldGen       total 53248K, used 7341K [0x000000008cc00000, 0x0000000090000000, 0x00000000d9980000)
  object space 53248K, 13% used [0x000000008cc00000,0x000000008d32b470,0x0000000090000000)
 Metaspace       used 24869K, capacity 25710K, committed 25984K, reserved 1071104K
  class space    used 3401K, capacity 3630K, committed 3712K, reserved 1048576K
}

